<?xml version="1.0" encoding="UTF-8"?>
<!-- Generated by org.testng.reporters.JUnitReportReporter -->
<testsuite skipped="0" hostname="DESKTOP-48F40HU" name="com.qa.hs.Tests.SearchUsingAPITest" tests="1" failures="0" timestamp="13 Feb 2023 08:21:24 GMT" time="1.646" errors="0">
  <testcase name="searchUsingAPI" time="1.646" classname="com.qa.hs.Tests.SearchUsingAPITest"/>
</testsuite> <!-- com.qa.hs.Tests.SearchUsingAPITest -->
