<?xml version="1.0" encoding="UTF-8"?>
<!-- Generated by org.testng.reporters.JUnitReportReporter -->
<testsuite skipped="0" hostname="DESKTOP-48F40HU" name="com.qa.hs.Tests.SearchKeywordTest" tests="1" failures="0" timestamp="13 Feb 2023 06:29:32 GMT" time="18.268" errors="0">
  <testcase name="searchSpecialCharTest" time="18.268" classname="com.qa.hs.Tests.SearchKeywordTest"/>
</testsuite> <!-- com.qa.hs.Tests.SearchKeywordTest -->
